<?xml version="1.0" encoding="UTF-8"?>
<!-- Generated by org.testng.reporters.JUnitReportReporter -->
<testsuite hostname="NHCLPT520" failures="0" tests="10" name="org.runner.Runner" time="143.719" errors="0" timestamp="07 Dec 2022 11:51:16 GMT" skipped="0">
  <testcase classname="org.runner.Runner" name="runScenario" time="10.103"/>
  <testcase classname="org.runner.Runner" name="runScenario" time="10.262"/>
  <testcase classname="org.runner.Runner" name="runScenario" time="6.182"/>
  <testcase classname="org.runner.Runner" name="runScenario" time="69.700"/>
  <testcase classname="org.runner.Runner" name="runScenario" time="0.262"/>
  <testcase classname="org.runner.Runner" name="runScenario" time="10.264"/>
  <testcase classname="org.runner.Runner" name="runScenario" time="0.045"/>
  <testcase classname="org.runner.Runner" name="runScenario" time="16.338"/>
  <testcase classname="org.runner.Runner" name="runScenario" time="10.270"/>
  <testcase classname="org.runner.Runner" name="runScenario" time="10.293"/>
</testsuite> <!-- org.runner.Runner -->
